2024-07-05 07:46:58.132 [main] INFO  com.build.demo.AppApplication - Starting AppApplication using Java 1.8.0_321 on Mac-mini with PID 58571 (/Users/duyaoguang/Documents/workspace/build-demo/target/classes started by duyaoguang in /Users/duyaoguang/Documents/workspace/build-demo)
2024-07-05 07:46:58.141 [main] INFO  com.build.demo.AppApplication - No active profile set, falling back to default profiles: default
2024-07-05 07:46:59.253 [main] INFO  org.springframework.boot.web.embedded.tomcat.TomcatWebServer - Tomcat initialized with port(s): 8080 (http)
2024-07-05 07:46:59.261 [main] INFO  org.apache.coyote.http11.Http11NioProtocol - Initializing ProtocolHandler ["http-nio-8080"]
2024-07-05 07:46:59.262 [main] INFO  org.apache.catalina.core.StandardService - Starting service [Tomcat]
2024-07-05 07:46:59.262 [main] INFO  org.apache.catalina.core.StandardEngine - Starting Servlet engine: [Apache Tomcat/9.0.54]
2024-07-05 07:46:59.333 [main] INFO  org.apache.catalina.core.ContainerBase.[Tomcat].[localhost].[/] - Initializing Spring embedded WebApplicationContext
2024-07-05 07:46:59.334 [main] INFO  org.springframework.boot.web.servlet.context.ServletWebServerApplicationContext - Root WebApplicationContext: initialization completed in 1114 ms
2024-07-05 07:47:00.064 [main] INFO  org.apache.coyote.http11.Http11NioProtocol - Starting ProtocolHandler ["http-nio-8080"]
2024-07-05 07:47:00.083 [main] INFO  org.springframework.boot.web.embedded.tomcat.TomcatWebServer - Tomcat started on port(s): 8080 (http) with context path ''
2024-07-05 07:47:00.095 [main] INFO  com.build.demo.AppApplication - Started AppApplication in 2.61 seconds (JVM running for 3.42)
2024-07-05 07:47:00.097 [main] INFO  com.build.demo.AppApplication - app started..
2024-07-05 07:47:13.999 [http-nio-8080-exec-1] INFO  org.apache.catalina.core.ContainerBase.[Tomcat].[localhost].[/] - Initializing Spring DispatcherServlet 'dispatcherServlet'
2024-07-05 07:47:14.000 [http-nio-8080-exec-1] INFO  org.springframework.web.servlet.DispatcherServlet - Initializing Servlet 'dispatcherServlet'
2024-07-05 07:47:14.003 [http-nio-8080-exec-1] INFO  org.springframework.web.servlet.DispatcherServlet - Completed initialization in 3 ms
2024-07-05 07:47:43.976 [main] INFO  com.build.demo.AppApplication - Starting AppApplication using Java 1.8.0_321 on Mac-mini with PID 58650 (/Users/duyaoguang/Documents/workspace/build-demo/target/classes started by duyaoguang in /Users/duyaoguang/Documents/workspace/build-demo)
2024-07-05 07:47:43.985 [main] INFO  com.build.demo.AppApplication - No active profile set, falling back to default profiles: default
2024-07-05 07:47:45.074 [main] INFO  org.springframework.boot.web.embedded.tomcat.TomcatWebServer - Tomcat initialized with port(s): 8080 (http)
2024-07-05 07:47:45.085 [main] INFO  org.apache.coyote.http11.Http11NioProtocol - Initializing ProtocolHandler ["http-nio-8080"]
2024-07-05 07:47:45.085 [main] INFO  org.apache.catalina.core.StandardService - Starting service [Tomcat]
2024-07-05 07:47:45.085 [main] INFO  org.apache.catalina.core.StandardEngine - Starting Servlet engine: [Apache Tomcat/9.0.54]
2024-07-05 07:47:45.165 [main] INFO  org.apache.catalina.core.ContainerBase.[Tomcat].[localhost].[/] - Initializing Spring embedded WebApplicationContext
2024-07-05 07:47:45.165 [main] INFO  org.springframework.boot.web.servlet.context.ServletWebServerApplicationContext - Root WebApplicationContext: initialization completed in 1112 ms
2024-07-05 07:47:45.850 [main] INFO  org.apache.coyote.http11.Http11NioProtocol - Starting ProtocolHandler ["http-nio-8080"]
2024-07-05 07:47:45.869 [main] INFO  org.springframework.boot.web.embedded.tomcat.TomcatWebServer - Tomcat started on port(s): 8080 (http) with context path ''
2024-07-05 07:47:45.882 [main] INFO  com.build.demo.AppApplication - Started AppApplication in 2.562 seconds (JVM running for 3.353)
2024-07-05 07:47:45.887 [main] INFO  com.build.demo.AppApplication - app started..
2024-07-05 07:47:53.849 [http-nio-8080-exec-1] INFO  org.apache.catalina.core.ContainerBase.[Tomcat].[localhost].[/] - Initializing Spring DispatcherServlet 'dispatcherServlet'
2024-07-05 07:47:53.850 [http-nio-8080-exec-1] INFO  org.springframework.web.servlet.DispatcherServlet - Initializing Servlet 'dispatcherServlet'
2024-07-05 07:47:53.856 [http-nio-8080-exec-1] INFO  org.springframework.web.servlet.DispatcherServlet - Completed initialization in 6 ms
2024-07-05 07:47:53.892 [http-nio-8080-exec-1] INFO  com.build.demo.controller.BaseController - you are warmly welcome..
2024-07-05 08:23:38.839 [main] INFO  com.build.demo.AppApplication - Starting AppApplication using Java 1.8.0_321 on Mac-mini with PID 62126 (/Users/duyaoguang/Documents/workspace/build-demo/target/classes started by duyaoguang in /Users/duyaoguang/Documents/workspace/build-demo)
2024-07-05 08:23:38.846 [main] INFO  com.build.demo.AppApplication - No active profile set, falling back to default profiles: default
2024-07-05 08:23:39.945 [main] INFO  org.springframework.boot.web.embedded.tomcat.TomcatWebServer - Tomcat initialized with port(s): 8080 (http)
2024-07-05 08:23:39.953 [main] INFO  org.apache.coyote.http11.Http11NioProtocol - Initializing ProtocolHandler ["http-nio-8080"]
2024-07-05 08:23:39.953 [main] INFO  org.apache.catalina.core.StandardService - Starting service [Tomcat]
2024-07-05 08:23:39.954 [main] INFO  org.apache.catalina.core.StandardEngine - Starting Servlet engine: [Apache Tomcat/9.0.54]
2024-07-05 08:23:40.030 [main] INFO  org.apache.catalina.core.ContainerBase.[Tomcat].[localhost].[/] - Initializing Spring embedded WebApplicationContext
2024-07-05 08:23:40.030 [main] INFO  org.springframework.boot.web.servlet.context.ServletWebServerApplicationContext - Root WebApplicationContext: initialization completed in 1105 ms
2024-07-05 08:23:40.145 [main] WARN  org.springframework.boot.web.servlet.context.AnnotationConfigServletWebServerApplicationContext - Exception encountered during context initialization - cancelling refresh attempt: org.springframework.beans.factory.UnsatisfiedDependencyException: Error creating bean with name 'taskController': Unsatisfied dependency expressed through field 'taskExecutor'; nested exception is org.springframework.beans.factory.NoSuchBeanDefinitionException: No qualifying bean of type 'com.build.demo.utils.TaskExecutor' available: expected at least 1 bean which qualifies as autowire candidate. Dependency annotations: {@org.springframework.beans.factory.annotation.Autowired(required=true)}
2024-07-05 08:23:40.148 [main] INFO  org.apache.catalina.core.StandardService - Stopping service [Tomcat]
2024-07-05 08:23:40.162 [main] INFO  org.springframework.boot.autoconfigure.logging.ConditionEvaluationReportLoggingListener - 

Error starting ApplicationContext. To display the conditions report re-run your application with 'debug' enabled.
2024-07-05 08:23:40.182 [main] ERROR org.springframework.boot.diagnostics.LoggingFailureAnalysisReporter - 

***************************
APPLICATION FAILED TO START
***************************

Description:

Field taskExecutor in com.build.demo.controller.TaskController required a bean of type 'com.build.demo.utils.TaskExecutor' that could not be found.

The injection point has the following annotations:
	- @org.springframework.beans.factory.annotation.Autowired(required=true)


Action:

Consider defining a bean of type 'com.build.demo.utils.TaskExecutor' in your configuration.

2024-07-05 08:23:56.577 [main] INFO  com.build.demo.AppApplication - Starting AppApplication using Java 1.8.0_321 on Mac-mini with PID 62160 (/Users/duyaoguang/Documents/workspace/build-demo/target/classes started by duyaoguang in /Users/duyaoguang/Documents/workspace/build-demo)
2024-07-05 08:23:56.588 [main] INFO  com.build.demo.AppApplication - No active profile set, falling back to default profiles: default
2024-07-05 08:23:57.082 [main] ERROR org.springframework.boot.SpringApplication - Application run failed
java.lang.IllegalStateException: Cannot register alias 'taskExecutor' for name 'applicationTaskExecutor': Alias would override bean definition 'taskExecutor'
	at org.springframework.beans.factory.support.DefaultListableBeanFactory.checkForAliasCircle(DefaultListableBeanFactory.java:1131) ~[spring-beans-5.3.12.jar:5.3.12]
	at org.springframework.core.SimpleAliasRegistry.registerAlias(SimpleAliasRegistry.java:79) ~[spring-core-5.3.12.jar:5.3.12]
	at org.springframework.context.annotation.ConfigurationClassBeanDefinitionReader.loadBeanDefinitionsForBeanMethod(ConfigurationClassBeanDefinitionReader.java:210) ~[spring-context-5.3.12.jar:5.3.12]
	at org.springframework.context.annotation.ConfigurationClassBeanDefinitionReader.loadBeanDefinitionsForConfigurationClass(ConfigurationClassBeanDefinitionReader.java:153) ~[spring-context-5.3.12.jar:5.3.12]
	at org.springframework.context.annotation.ConfigurationClassBeanDefinitionReader.loadBeanDefinitions(ConfigurationClassBeanDefinitionReader.java:129) ~[spring-context-5.3.12.jar:5.3.12]
	at org.springframework.context.annotation.ConfigurationClassPostProcessor.processConfigBeanDefinitions(ConfigurationClassPostProcessor.java:343) ~[spring-context-5.3.12.jar:5.3.12]
	at org.springframework.context.annotation.ConfigurationClassPostProcessor.postProcessBeanDefinitionRegistry(ConfigurationClassPostProcessor.java:247) ~[spring-context-5.3.12.jar:5.3.12]
	at org.springframework.context.support.PostProcessorRegistrationDelegate.invokeBeanDefinitionRegistryPostProcessors(PostProcessorRegistrationDelegate.java:311) ~[spring-context-5.3.12.jar:5.3.12]
	at org.springframework.context.support.PostProcessorRegistrationDelegate.invokeBeanFactoryPostProcessors(PostProcessorRegistrationDelegate.java:112) ~[spring-context-5.3.12.jar:5.3.12]
	at org.springframework.context.support.AbstractApplicationContext.invokeBeanFactoryPostProcessors(AbstractApplicationContext.java:746) ~[spring-context-5.3.12.jar:5.3.12]
	at org.springframework.context.support.AbstractApplicationContext.refresh(AbstractApplicationContext.java:564) ~[spring-context-5.3.12.jar:5.3.12]
	at org.springframework.boot.web.servlet.context.ServletWebServerApplicationContext.refresh(ServletWebServerApplicationContext.java:145) ~[spring-boot-2.5.6.jar:2.5.6]
	at org.springframework.boot.SpringApplication.refresh(SpringApplication.java:754) [spring-boot-2.5.6.jar:2.5.6]
	at org.springframework.boot.SpringApplication.refreshContext(SpringApplication.java:434) [spring-boot-2.5.6.jar:2.5.6]
	at org.springframework.boot.SpringApplication.run(SpringApplication.java:338) [spring-boot-2.5.6.jar:2.5.6]
	at org.springframework.boot.SpringApplication.run(SpringApplication.java:1343) [spring-boot-2.5.6.jar:2.5.6]
	at org.springframework.boot.SpringApplication.run(SpringApplication.java:1332) [spring-boot-2.5.6.jar:2.5.6]
	at com.build.demo.AppApplication.main(AppApplication.java:12) [classes/:?]
2024-07-05 08:24:45.074 [main] INFO  com.build.demo.AppApplication - Starting AppApplication using Java 1.8.0_321 on Mac-mini with PID 62241 (/Users/duyaoguang/Documents/workspace/build-demo/target/classes started by duyaoguang in /Users/duyaoguang/Documents/workspace/build-demo)
2024-07-05 08:24:45.084 [main] INFO  com.build.demo.AppApplication - No active profile set, falling back to default profiles: default
2024-07-05 08:24:45.574 [main] ERROR org.springframework.boot.SpringApplication - Application run failed
java.lang.IllegalStateException: Cannot register alias 'taskExecutor' for name 'applicationTaskExecutor': Alias would override bean definition 'taskExecutor'
	at org.springframework.beans.factory.support.DefaultListableBeanFactory.checkForAliasCircle(DefaultListableBeanFactory.java:1131) ~[spring-beans-5.3.12.jar:5.3.12]
	at org.springframework.core.SimpleAliasRegistry.registerAlias(SimpleAliasRegistry.java:79) ~[spring-core-5.3.12.jar:5.3.12]
	at org.springframework.context.annotation.ConfigurationClassBeanDefinitionReader.loadBeanDefinitionsForBeanMethod(ConfigurationClassBeanDefinitionReader.java:210) ~[spring-context-5.3.12.jar:5.3.12]
	at org.springframework.context.annotation.ConfigurationClassBeanDefinitionReader.loadBeanDefinitionsForConfigurationClass(ConfigurationClassBeanDefinitionReader.java:153) ~[spring-context-5.3.12.jar:5.3.12]
	at org.springframework.context.annotation.ConfigurationClassBeanDefinitionReader.loadBeanDefinitions(ConfigurationClassBeanDefinitionReader.java:129) ~[spring-context-5.3.12.jar:5.3.12]
	at org.springframework.context.annotation.ConfigurationClassPostProcessor.processConfigBeanDefinitions(ConfigurationClassPostProcessor.java:343) ~[spring-context-5.3.12.jar:5.3.12]
	at org.springframework.context.annotation.ConfigurationClassPostProcessor.postProcessBeanDefinitionRegistry(ConfigurationClassPostProcessor.java:247) ~[spring-context-5.3.12.jar:5.3.12]
	at org.springframework.context.support.PostProcessorRegistrationDelegate.invokeBeanDefinitionRegistryPostProcessors(PostProcessorRegistrationDelegate.java:311) ~[spring-context-5.3.12.jar:5.3.12]
	at org.springframework.context.support.PostProcessorRegistrationDelegate.invokeBeanFactoryPostProcessors(PostProcessorRegistrationDelegate.java:112) ~[spring-context-5.3.12.jar:5.3.12]
	at org.springframework.context.support.AbstractApplicationContext.invokeBeanFactoryPostProcessors(AbstractApplicationContext.java:746) ~[spring-context-5.3.12.jar:5.3.12]
	at org.springframework.context.support.AbstractApplicationContext.refresh(AbstractApplicationContext.java:564) ~[spring-context-5.3.12.jar:5.3.12]
	at org.springframework.boot.web.servlet.context.ServletWebServerApplicationContext.refresh(ServletWebServerApplicationContext.java:145) ~[spring-boot-2.5.6.jar:2.5.6]
	at org.springframework.boot.SpringApplication.refresh(SpringApplication.java:754) [spring-boot-2.5.6.jar:2.5.6]
	at org.springframework.boot.SpringApplication.refreshContext(SpringApplication.java:434) [spring-boot-2.5.6.jar:2.5.6]
	at org.springframework.boot.SpringApplication.run(SpringApplication.java:338) [spring-boot-2.5.6.jar:2.5.6]
	at org.springframework.boot.SpringApplication.run(SpringApplication.java:1343) [spring-boot-2.5.6.jar:2.5.6]
	at org.springframework.boot.SpringApplication.run(SpringApplication.java:1332) [spring-boot-2.5.6.jar:2.5.6]
	at com.build.demo.AppApplication.main(AppApplication.java:12) [classes/:?]
2024-07-05 08:25:51.666 [main] INFO  com.build.demo.AppApplication - Starting AppApplication using Java 1.8.0_321 on Mac-mini with PID 62345 (/Users/duyaoguang/Documents/workspace/build-demo/target/classes started by duyaoguang in /Users/duyaoguang/Documents/workspace/build-demo)
2024-07-05 08:25:51.677 [main] INFO  com.build.demo.AppApplication - No active profile set, falling back to default profiles: default
2024-07-05 08:25:52.179 [main] ERROR org.springframework.boot.SpringApplication - Application run failed
java.lang.IllegalStateException: Cannot register alias 'taskExecutor' for name 'applicationTaskExecutor': Alias would override bean definition 'taskExecutor'
	at org.springframework.beans.factory.support.DefaultListableBeanFactory.checkForAliasCircle(DefaultListableBeanFactory.java:1131) ~[spring-beans-5.3.12.jar:5.3.12]
	at org.springframework.core.SimpleAliasRegistry.registerAlias(SimpleAliasRegistry.java:79) ~[spring-core-5.3.12.jar:5.3.12]
	at org.springframework.context.annotation.ConfigurationClassBeanDefinitionReader.loadBeanDefinitionsForBeanMethod(ConfigurationClassBeanDefinitionReader.java:210) ~[spring-context-5.3.12.jar:5.3.12]
	at org.springframework.context.annotation.ConfigurationClassBeanDefinitionReader.loadBeanDefinitionsForConfigurationClass(ConfigurationClassBeanDefinitionReader.java:153) ~[spring-context-5.3.12.jar:5.3.12]
	at org.springframework.context.annotation.ConfigurationClassBeanDefinitionReader.loadBeanDefinitions(ConfigurationClassBeanDefinitionReader.java:129) ~[spring-context-5.3.12.jar:5.3.12]
	at org.springframework.context.annotation.ConfigurationClassPostProcessor.processConfigBeanDefinitions(ConfigurationClassPostProcessor.java:343) ~[spring-context-5.3.12.jar:5.3.12]
	at org.springframework.context.annotation.ConfigurationClassPostProcessor.postProcessBeanDefinitionRegistry(ConfigurationClassPostProcessor.java:247) ~[spring-context-5.3.12.jar:5.3.12]
	at org.springframework.context.support.PostProcessorRegistrationDelegate.invokeBeanDefinitionRegistryPostProcessors(PostProcessorRegistrationDelegate.java:311) ~[spring-context-5.3.12.jar:5.3.12]
	at org.springframework.context.support.PostProcessorRegistrationDelegate.invokeBeanFactoryPostProcessors(PostProcessorRegistrationDelegate.java:112) ~[spring-context-5.3.12.jar:5.3.12]
	at org.springframework.context.support.AbstractApplicationContext.invokeBeanFactoryPostProcessors(AbstractApplicationContext.java:746) ~[spring-context-5.3.12.jar:5.3.12]
	at org.springframework.context.support.AbstractApplicationContext.refresh(AbstractApplicationContext.java:564) ~[spring-context-5.3.12.jar:5.3.12]
	at org.springframework.boot.web.servlet.context.ServletWebServerApplicationContext.refresh(ServletWebServerApplicationContext.java:145) ~[spring-boot-2.5.6.jar:2.5.6]
	at org.springframework.boot.SpringApplication.refresh(SpringApplication.java:754) [spring-boot-2.5.6.jar:2.5.6]
	at org.springframework.boot.SpringApplication.refreshContext(SpringApplication.java:434) [spring-boot-2.5.6.jar:2.5.6]
	at org.springframework.boot.SpringApplication.run(SpringApplication.java:338) [spring-boot-2.5.6.jar:2.5.6]
	at org.springframework.boot.SpringApplication.run(SpringApplication.java:1343) [spring-boot-2.5.6.jar:2.5.6]
	at org.springframework.boot.SpringApplication.run(SpringApplication.java:1332) [spring-boot-2.5.6.jar:2.5.6]
	at com.build.demo.AppApplication.main(AppApplication.java:12) [classes/:?]
2024-07-05 08:26:15.197 [main] INFO  com.build.demo.AppApplication - Starting AppApplication using Java 1.8.0_321 on Mac-mini with PID 62393 (/Users/duyaoguang/Documents/workspace/build-demo/target/classes started by duyaoguang in /Users/duyaoguang/Documents/workspace/build-demo)
2024-07-05 08:26:15.209 [main] INFO  com.build.demo.AppApplication - No active profile set, falling back to default profiles: default
2024-07-05 08:26:15.687 [main] ERROR org.springframework.boot.SpringApplication - Application run failed
java.lang.IllegalStateException: Cannot register alias 'taskExecutor' for name 'applicationTaskExecutor': Alias would override bean definition 'taskExecutor'
	at org.springframework.beans.factory.support.DefaultListableBeanFactory.checkForAliasCircle(DefaultListableBeanFactory.java:1131) ~[spring-beans-5.3.12.jar:5.3.12]
	at org.springframework.core.SimpleAliasRegistry.registerAlias(SimpleAliasRegistry.java:79) ~[spring-core-5.3.12.jar:5.3.12]
	at org.springframework.context.annotation.ConfigurationClassBeanDefinitionReader.loadBeanDefinitionsForBeanMethod(ConfigurationClassBeanDefinitionReader.java:210) ~[spring-context-5.3.12.jar:5.3.12]
	at org.springframework.context.annotation.ConfigurationClassBeanDefinitionReader.loadBeanDefinitionsForConfigurationClass(ConfigurationClassBeanDefinitionReader.java:153) ~[spring-context-5.3.12.jar:5.3.12]
	at org.springframework.context.annotation.ConfigurationClassBeanDefinitionReader.loadBeanDefinitions(ConfigurationClassBeanDefinitionReader.java:129) ~[spring-context-5.3.12.jar:5.3.12]
	at org.springframework.context.annotation.ConfigurationClassPostProcessor.processConfigBeanDefinitions(ConfigurationClassPostProcessor.java:343) ~[spring-context-5.3.12.jar:5.3.12]
	at org.springframework.context.annotation.ConfigurationClassPostProcessor.postProcessBeanDefinitionRegistry(ConfigurationClassPostProcessor.java:247) ~[spring-context-5.3.12.jar:5.3.12]
	at org.springframework.context.support.PostProcessorRegistrationDelegate.invokeBeanDefinitionRegistryPostProcessors(PostProcessorRegistrationDelegate.java:311) ~[spring-context-5.3.12.jar:5.3.12]
	at org.springframework.context.support.PostProcessorRegistrationDelegate.invokeBeanFactoryPostProcessors(PostProcessorRegistrationDelegate.java:112) ~[spring-context-5.3.12.jar:5.3.12]
	at org.springframework.context.support.AbstractApplicationContext.invokeBeanFactoryPostProcessors(AbstractApplicationContext.java:746) ~[spring-context-5.3.12.jar:5.3.12]
	at org.springframework.context.support.AbstractApplicationContext.refresh(AbstractApplicationContext.java:564) ~[spring-context-5.3.12.jar:5.3.12]
	at org.springframework.boot.web.servlet.context.ServletWebServerApplicationContext.refresh(ServletWebServerApplicationContext.java:145) ~[spring-boot-2.5.6.jar:2.5.6]
	at org.springframework.boot.SpringApplication.refresh(SpringApplication.java:754) [spring-boot-2.5.6.jar:2.5.6]
	at org.springframework.boot.SpringApplication.refreshContext(SpringApplication.java:434) [spring-boot-2.5.6.jar:2.5.6]
	at org.springframework.boot.SpringApplication.run(SpringApplication.java:338) [spring-boot-2.5.6.jar:2.5.6]
	at org.springframework.boot.SpringApplication.run(SpringApplication.java:1343) [spring-boot-2.5.6.jar:2.5.6]
	at org.springframework.boot.SpringApplication.run(SpringApplication.java:1332) [spring-boot-2.5.6.jar:2.5.6]
	at com.build.demo.AppApplication.main(AppApplication.java:12) [classes/:?]
2024-07-05 08:28:07.985 [main] INFO  com.build.demo.AppApplication - Starting AppApplication using Java 1.8.0_321 on Mac-mini with PID 62573 (/Users/duyaoguang/Documents/workspace/build-demo/target/classes started by duyaoguang in /Users/duyaoguang/Documents/workspace/build-demo)
2024-07-05 08:28:07.992 [main] INFO  com.build.demo.AppApplication - No active profile set, falling back to default profiles: default
2024-07-05 08:28:08.488 [main] ERROR org.springframework.boot.SpringApplication - Application run failed
java.lang.IllegalStateException: Cannot register alias 'taskExecutor' for name 'applicationTaskExecutor': Alias would override bean definition 'taskExecutor'
	at org.springframework.beans.factory.support.DefaultListableBeanFactory.checkForAliasCircle(DefaultListableBeanFactory.java:1131) ~[spring-beans-5.3.12.jar:5.3.12]
	at org.springframework.core.SimpleAliasRegistry.registerAlias(SimpleAliasRegistry.java:79) ~[spring-core-5.3.12.jar:5.3.12]
	at org.springframework.context.annotation.ConfigurationClassBeanDefinitionReader.loadBeanDefinitionsForBeanMethod(ConfigurationClassBeanDefinitionReader.java:210) ~[spring-context-5.3.12.jar:5.3.12]
	at org.springframework.context.annotation.ConfigurationClassBeanDefinitionReader.loadBeanDefinitionsForConfigurationClass(ConfigurationClassBeanDefinitionReader.java:153) ~[spring-context-5.3.12.jar:5.3.12]
	at org.springframework.context.annotation.ConfigurationClassBeanDefinitionReader.loadBeanDefinitions(ConfigurationClassBeanDefinitionReader.java:129) ~[spring-context-5.3.12.jar:5.3.12]
	at org.springframework.context.annotation.ConfigurationClassPostProcessor.processConfigBeanDefinitions(ConfigurationClassPostProcessor.java:343) ~[spring-context-5.3.12.jar:5.3.12]
	at org.springframework.context.annotation.ConfigurationClassPostProcessor.postProcessBeanDefinitionRegistry(ConfigurationClassPostProcessor.java:247) ~[spring-context-5.3.12.jar:5.3.12]
	at org.springframework.context.support.PostProcessorRegistrationDelegate.invokeBeanDefinitionRegistryPostProcessors(PostProcessorRegistrationDelegate.java:311) ~[spring-context-5.3.12.jar:5.3.12]
	at org.springframework.context.support.PostProcessorRegistrationDelegate.invokeBeanFactoryPostProcessors(PostProcessorRegistrationDelegate.java:112) ~[spring-context-5.3.12.jar:5.3.12]
	at org.springframework.context.support.AbstractApplicationContext.invokeBeanFactoryPostProcessors(AbstractApplicationContext.java:746) ~[spring-context-5.3.12.jar:5.3.12]
	at org.springframework.context.support.AbstractApplicationContext.refresh(AbstractApplicationContext.java:564) ~[spring-context-5.3.12.jar:5.3.12]
	at org.springframework.boot.web.servlet.context.ServletWebServerApplicationContext.refresh(ServletWebServerApplicationContext.java:145) ~[spring-boot-2.5.6.jar:2.5.6]
	at org.springframework.boot.SpringApplication.refresh(SpringApplication.java:754) [spring-boot-2.5.6.jar:2.5.6]
	at org.springframework.boot.SpringApplication.refreshContext(SpringApplication.java:434) [spring-boot-2.5.6.jar:2.5.6]
	at org.springframework.boot.SpringApplication.run(SpringApplication.java:338) [spring-boot-2.5.6.jar:2.5.6]
	at org.springframework.boot.SpringApplication.run(SpringApplication.java:1343) [spring-boot-2.5.6.jar:2.5.6]
	at org.springframework.boot.SpringApplication.run(SpringApplication.java:1332) [spring-boot-2.5.6.jar:2.5.6]
	at com.build.demo.AppApplication.main(AppApplication.java:12) [classes/:?]
2024-07-05 08:33:49.875 [main] INFO  com.build.demo.AppApplication - Starting AppApplication using Java 1.8.0_321 on Mac-mini with PID 63099 (/Users/duyaoguang/Documents/workspace/build-demo/target/classes started by duyaoguang in /Users/duyaoguang/Documents/workspace/build-demo)
2024-07-05 08:33:49.886 [main] INFO  com.build.demo.AppApplication - No active profile set, falling back to default profiles: default
2024-07-05 08:33:51.020 [main] INFO  org.springframework.boot.web.embedded.tomcat.TomcatWebServer - Tomcat initialized with port(s): 8080 (http)
2024-07-05 08:33:51.030 [main] INFO  org.apache.coyote.http11.Http11NioProtocol - Initializing ProtocolHandler ["http-nio-8080"]
2024-07-05 08:33:51.031 [main] INFO  org.apache.catalina.core.StandardService - Starting service [Tomcat]
2024-07-05 08:33:51.031 [main] INFO  org.apache.catalina.core.StandardEngine - Starting Servlet engine: [Apache Tomcat/9.0.54]
2024-07-05 08:33:51.108 [main] INFO  org.apache.catalina.core.ContainerBase.[Tomcat].[localhost].[/] - Initializing Spring embedded WebApplicationContext
2024-07-05 08:33:51.108 [main] INFO  org.springframework.boot.web.servlet.context.ServletWebServerApplicationContext - Root WebApplicationContext: initialization completed in 1094 ms
2024-07-05 08:33:51.809 [main] INFO  org.apache.coyote.http11.Http11NioProtocol - Starting ProtocolHandler ["http-nio-8080"]
2024-07-05 08:33:51.829 [main] INFO  org.springframework.boot.web.embedded.tomcat.TomcatWebServer - Tomcat started on port(s): 8080 (http) with context path ''
2024-07-05 08:33:51.843 [main] INFO  com.build.demo.AppApplication - Started AppApplication in 2.619 seconds (JVM running for 3.416)
2024-07-05 08:33:51.847 [main] INFO  com.build.demo.AppApplication - app started..
2024-07-05 08:34:24.219 [http-nio-8080-exec-1] INFO  org.apache.catalina.core.ContainerBase.[Tomcat].[localhost].[/] - Initializing Spring DispatcherServlet 'dispatcherServlet'
2024-07-05 08:34:24.221 [http-nio-8080-exec-1] INFO  org.springframework.web.servlet.DispatcherServlet - Initializing Servlet 'dispatcherServlet'
2024-07-05 08:34:24.226 [http-nio-8080-exec-1] INFO  org.springframework.web.servlet.DispatcherServlet - Completed initialization in 5 ms
2024-07-05 08:34:24.257 [http-nio-8080-exec-1] INFO  com.build.demo.controller.BaseController - you are warmly welcome..
2024-07-05 08:35:49.779 [http-nio-8080-exec-7] ERROR org.apache.catalina.core.ContainerBase.[Tomcat].[localhost].[/].[dispatcherServlet] - Servlet.service() for servlet [dispatcherServlet] in context with path [] threw exception [Request processing failed; nested exception is java.util.concurrent.RejectedExecutionException: Task java.util.concurrent.FutureTask@3c63e35b rejected from java.util.concurrent.ThreadPoolExecutor@32a41aa7[Terminated, pool size = 0, active threads = 0, queued tasks = 0, completed tasks = 2000]] with root cause
java.util.concurrent.RejectedExecutionException: Task java.util.concurrent.FutureTask@3c63e35b rejected from java.util.concurrent.ThreadPoolExecutor@32a41aa7[Terminated, pool size = 0, active threads = 0, queued tasks = 0, completed tasks = 2000]
	at java.util.concurrent.ThreadPoolExecutor$AbortPolicy.rejectedExecution(ThreadPoolExecutor.java:2063) ~[?:1.8.0_321]
	at java.util.concurrent.ThreadPoolExecutor.reject(ThreadPoolExecutor.java:830) ~[?:1.8.0_321]
	at java.util.concurrent.ThreadPoolExecutor.execute(ThreadPoolExecutor.java:1379) ~[?:1.8.0_321]
	at java.util.concurrent.AbstractExecutorService.submit(AbstractExecutorService.java:134) ~[?:1.8.0_321]
	at java.util.concurrent.Executors$DelegatedExecutorService.submit(Executors.java:681) ~[?:1.8.0_321]
	at com.build.demo.utils.TaskExecutor.submitTasks(TaskExecutor.java:17) ~[classes/:?]
	at com.build.demo.controller.TaskController.submitTasks(TaskController.java:24) ~[classes/:?]
	at sun.reflect.NativeMethodAccessorImpl.invoke0(Native Method) ~[?:1.8.0_321]
	at sun.reflect.NativeMethodAccessorImpl.invoke(NativeMethodAccessorImpl.java:62) ~[?:1.8.0_321]
	at sun.reflect.DelegatingMethodAccessorImpl.invoke(DelegatingMethodAccessorImpl.java:43) ~[?:1.8.0_321]
	at java.lang.reflect.Method.invoke(Method.java:498) ~[?:1.8.0_321]
	at org.springframework.web.method.support.InvocableHandlerMethod.doInvoke(InvocableHandlerMethod.java:205) ~[spring-web-5.3.12.jar:5.3.12]
	at org.springframework.web.method.support.InvocableHandlerMethod.invokeForRequest(InvocableHandlerMethod.java:150) ~[spring-web-5.3.12.jar:5.3.12]
	at org.springframework.web.servlet.mvc.method.annotation.ServletInvocableHandlerMethod.invokeAndHandle(ServletInvocableHandlerMethod.java:117) ~[spring-webmvc-5.3.12.jar:5.3.12]
	at org.springframework.web.servlet.mvc.method.annotation.RequestMappingHandlerAdapter.invokeHandlerMethod(RequestMappingHandlerAdapter.java:895) ~[spring-webmvc-5.3.12.jar:5.3.12]
	at org.springframework.web.servlet.mvc.method.annotation.RequestMappingHandlerAdapter.handleInternal(RequestMappingHandlerAdapter.java:808) ~[spring-webmvc-5.3.12.jar:5.3.12]
	at org.springframework.web.servlet.mvc.method.AbstractHandlerMethodAdapter.handle(AbstractHandlerMethodAdapter.java:87) ~[spring-webmvc-5.3.12.jar:5.3.12]
	at org.springframework.web.servlet.DispatcherServlet.doDispatch(DispatcherServlet.java:1067) ~[spring-webmvc-5.3.12.jar:5.3.12]
	at org.springframework.web.servlet.DispatcherServlet.doService(DispatcherServlet.java:963) ~[spring-webmvc-5.3.12.jar:5.3.12]
	at org.springframework.web.servlet.FrameworkServlet.processRequest(FrameworkServlet.java:1006) ~[spring-webmvc-5.3.12.jar:5.3.12]
	at org.springframework.web.servlet.FrameworkServlet.doGet(FrameworkServlet.java:898) ~[spring-webmvc-5.3.12.jar:5.3.12]
	at javax.servlet.http.HttpServlet.service(HttpServlet.java:655) ~[tomcat-embed-core-9.0.54.jar:4.0.FR]
	at org.springframework.web.servlet.FrameworkServlet.service(FrameworkServlet.java:883) ~[spring-webmvc-5.3.12.jar:5.3.12]
	at javax.servlet.http.HttpServlet.service(HttpServlet.java:764) ~[tomcat-embed-core-9.0.54.jar:4.0.FR]
	at org.apache.catalina.core.ApplicationFilterChain.internalDoFilter(ApplicationFilterChain.java:227) ~[tomcat-embed-core-9.0.54.jar:9.0.54]
	at org.apache.catalina.core.ApplicationFilterChain.doFilter(ApplicationFilterChain.java:162) ~[tomcat-embed-core-9.0.54.jar:9.0.54]
	at org.apache.tomcat.websocket.server.WsFilter.doFilter(WsFilter.java:53) ~[tomcat-embed-websocket-9.0.54.jar:9.0.54]
	at org.apache.catalina.core.ApplicationFilterChain.internalDoFilter(ApplicationFilterChain.java:189) ~[tomcat-embed-core-9.0.54.jar:9.0.54]
	at org.apache.catalina.core.ApplicationFilterChain.doFilter(ApplicationFilterChain.java:162) ~[tomcat-embed-core-9.0.54.jar:9.0.54]
	at org.springframework.web.filter.RequestContextFilter.doFilterInternal(RequestContextFilter.java:100) ~[spring-web-5.3.12.jar:5.3.12]
	at org.springframework.web.filter.OncePerRequestFilter.doFilter(OncePerRequestFilter.java:119) ~[spring-web-5.3.12.jar:5.3.12]
	at org.apache.catalina.core.ApplicationFilterChain.internalDoFilter(ApplicationFilterChain.java:189) ~[tomcat-embed-core-9.0.54.jar:9.0.54]
	at org.apache.catalina.core.ApplicationFilterChain.doFilter(ApplicationFilterChain.java:162) ~[tomcat-embed-core-9.0.54.jar:9.0.54]
	at org.springframework.web.filter.FormContentFilter.doFilterInternal(FormContentFilter.java:93) ~[spring-web-5.3.12.jar:5.3.12]
	at org.springframework.web.filter.OncePerRequestFilter.doFilter(OncePerRequestFilter.java:119) ~[spring-web-5.3.12.jar:5.3.12]
	at org.apache.catalina.core.ApplicationFilterChain.internalDoFilter(ApplicationFilterChain.java:189) ~[tomcat-embed-core-9.0.54.jar:9.0.54]
	at org.apache.catalina.core.ApplicationFilterChain.doFilter(ApplicationFilterChain.java:162) ~[tomcat-embed-core-9.0.54.jar:9.0.54]
	at org.springframework.web.filter.CharacterEncodingFilter.doFilterInternal(CharacterEncodingFilter.java:201) ~[spring-web-5.3.12.jar:5.3.12]
	at org.springframework.web.filter.OncePerRequestFilter.doFilter(OncePerRequestFilter.java:119) ~[spring-web-5.3.12.jar:5.3.12]
	at org.apache.catalina.core.ApplicationFilterChain.internalDoFilter(ApplicationFilterChain.java:189) ~[tomcat-embed-core-9.0.54.jar:9.0.54]
	at org.apache.catalina.core.ApplicationFilterChain.doFilter(ApplicationFilterChain.java:162) ~[tomcat-embed-core-9.0.54.jar:9.0.54]
	at org.apache.catalina.core.StandardWrapperValve.invoke(StandardWrapperValve.java:197) [tomcat-embed-core-9.0.54.jar:9.0.54]
	at org.apache.catalina.core.StandardContextValve.invoke(StandardContextValve.java:97) [tomcat-embed-core-9.0.54.jar:9.0.54]
	at org.apache.catalina.authenticator.AuthenticatorBase.invoke(AuthenticatorBase.java:540) [tomcat-embed-core-9.0.54.jar:9.0.54]
	at org.apache.catalina.core.StandardHostValve.invoke(StandardHostValve.java:135) [tomcat-embed-core-9.0.54.jar:9.0.54]
	at org.apache.catalina.valves.ErrorReportValve.invoke(ErrorReportValve.java:92) [tomcat-embed-core-9.0.54.jar:9.0.54]
	at org.apache.catalina.core.StandardEngineValve.invoke(StandardEngineValve.java:78) [tomcat-embed-core-9.0.54.jar:9.0.54]
	at org.apache.catalina.connector.CoyoteAdapter.service(CoyoteAdapter.java:357) [tomcat-embed-core-9.0.54.jar:9.0.54]
	at org.apache.coyote.http11.Http11Processor.service(Http11Processor.java:382) [tomcat-embed-core-9.0.54.jar:9.0.54]
	at org.apache.coyote.AbstractProcessorLight.process(AbstractProcessorLight.java:65) [tomcat-embed-core-9.0.54.jar:9.0.54]
	at org.apache.coyote.AbstractProtocol$ConnectionHandler.process(AbstractProtocol.java:895) [tomcat-embed-core-9.0.54.jar:9.0.54]
	at org.apache.tomcat.util.net.NioEndpoint$SocketProcessor.doRun(NioEndpoint.java:1722) [tomcat-embed-core-9.0.54.jar:9.0.54]
	at org.apache.tomcat.util.net.SocketProcessorBase.run(SocketProcessorBase.java:49) [tomcat-embed-core-9.0.54.jar:9.0.54]
	at org.apache.tomcat.util.threads.ThreadPoolExecutor.runWorker(ThreadPoolExecutor.java:1191) [tomcat-embed-core-9.0.54.jar:9.0.54]
	at org.apache.tomcat.util.threads.ThreadPoolExecutor$Worker.run(ThreadPoolExecutor.java:659) [tomcat-embed-core-9.0.54.jar:9.0.54]
	at org.apache.tomcat.util.threads.TaskThread$WrappingRunnable.run(TaskThread.java:61) [tomcat-embed-core-9.0.54.jar:9.0.54]
	at java.lang.Thread.run(Thread.java:750) [?:1.8.0_321]
2024-07-05 08:36:54.136 [main] INFO  com.build.demo.AppApplication - Starting AppApplication using Java 1.8.0_321 on Mac-mini with PID 63404 (/Users/duyaoguang/Documents/workspace/build-demo/target/classes started by duyaoguang in /Users/duyaoguang/Documents/workspace/build-demo)
2024-07-05 08:36:54.145 [main] INFO  com.build.demo.AppApplication - No active profile set, falling back to default profiles: default
2024-07-05 08:36:55.245 [main] INFO  org.springframework.boot.web.embedded.tomcat.TomcatWebServer - Tomcat initialized with port(s): 8080 (http)
2024-07-05 08:36:55.252 [main] INFO  org.apache.coyote.http11.Http11NioProtocol - Initializing ProtocolHandler ["http-nio-8080"]
2024-07-05 08:36:55.253 [main] INFO  org.apache.catalina.core.StandardService - Starting service [Tomcat]
2024-07-05 08:36:55.253 [main] INFO  org.apache.catalina.core.StandardEngine - Starting Servlet engine: [Apache Tomcat/9.0.54]
2024-07-05 08:36:55.328 [main] INFO  org.apache.catalina.core.ContainerBase.[Tomcat].[localhost].[/] - Initializing Spring embedded WebApplicationContext
2024-07-05 08:36:55.328 [main] INFO  org.springframework.boot.web.servlet.context.ServletWebServerApplicationContext - Root WebApplicationContext: initialization completed in 1091 ms
2024-07-05 08:36:56.069 [main] INFO  org.apache.coyote.http11.Http11NioProtocol - Starting ProtocolHandler ["http-nio-8080"]
2024-07-05 08:36:56.088 [main] INFO  org.springframework.boot.web.embedded.tomcat.TomcatWebServer - Tomcat started on port(s): 8080 (http) with context path ''
2024-07-05 08:36:56.101 [main] INFO  com.build.demo.AppApplication - Started AppApplication in 2.62 seconds (JVM running for 3.416)
2024-07-05 08:36:56.105 [main] INFO  com.build.demo.AppApplication - app started..
2024-07-05 08:37:01.000 [http-nio-8080-exec-1] INFO  org.apache.catalina.core.ContainerBase.[Tomcat].[localhost].[/] - Initializing Spring DispatcherServlet 'dispatcherServlet'
2024-07-05 08:37:01.002 [http-nio-8080-exec-1] INFO  org.springframework.web.servlet.DispatcherServlet - Initializing Servlet 'dispatcherServlet'
2024-07-05 08:37:01.004 [http-nio-8080-exec-1] INFO  org.springframework.web.servlet.DispatcherServlet - Completed initialization in 2 ms
2024-07-05 08:39:28.303 [main] INFO  com.build.demo.AppApplication - Starting AppApplication using Java 1.8.0_321 on Mac-mini with PID 63701 (/Users/duyaoguang/Documents/workspace/build-demo/target/classes started by duyaoguang in /Users/duyaoguang/Documents/workspace/build-demo)
2024-07-05 08:39:28.314 [main] INFO  com.build.demo.AppApplication - No active profile set, falling back to default profiles: default
2024-07-05 08:39:29.398 [main] INFO  org.springframework.boot.web.embedded.tomcat.TomcatWebServer - Tomcat initialized with port(s): 8080 (http)
2024-07-05 08:39:29.408 [main] INFO  org.apache.coyote.http11.Http11NioProtocol - Initializing ProtocolHandler ["http-nio-8080"]
2024-07-05 08:39:29.409 [main] INFO  org.apache.catalina.core.StandardService - Starting service [Tomcat]
2024-07-05 08:39:29.409 [main] INFO  org.apache.catalina.core.StandardEngine - Starting Servlet engine: [Apache Tomcat/9.0.54]
2024-07-05 08:39:29.486 [main] INFO  org.apache.catalina.core.ContainerBase.[Tomcat].[localhost].[/] - Initializing Spring embedded WebApplicationContext
2024-07-05 08:39:29.486 [main] INFO  org.springframework.boot.web.servlet.context.ServletWebServerApplicationContext - Root WebApplicationContext: initialization completed in 1100 ms
2024-07-05 08:39:30.162 [main] INFO  org.apache.coyote.http11.Http11NioProtocol - Starting ProtocolHandler ["http-nio-8080"]
2024-07-05 08:39:30.179 [main] INFO  org.springframework.boot.web.embedded.tomcat.TomcatWebServer - Tomcat started on port(s): 8080 (http) with context path ''
2024-07-05 08:39:30.189 [main] INFO  com.build.demo.AppApplication - Started AppApplication in 2.535 seconds (JVM running for 3.341)
2024-07-05 08:39:30.195 [main] INFO  com.build.demo.AppApplication - app started..
2024-07-05 08:39:37.084 [http-nio-8080-exec-1] INFO  org.apache.catalina.core.ContainerBase.[Tomcat].[localhost].[/] - Initializing Spring DispatcherServlet 'dispatcherServlet'
2024-07-05 08:39:37.086 [http-nio-8080-exec-1] INFO  org.springframework.web.servlet.DispatcherServlet - Initializing Servlet 'dispatcherServlet'
2024-07-05 08:39:37.090 [http-nio-8080-exec-1] INFO  org.springframework.web.servlet.DispatcherServlet - Completed initialization in 4 ms
2024-07-05 08:42:03.564 [main] INFO  com.build.demo.AppApplication - Starting AppApplication using Java 1.8.0_321 on Mac-mini with PID 63947 (/Users/duyaoguang/Documents/workspace/build-demo/target/classes started by duyaoguang in /Users/duyaoguang/Documents/workspace/build-demo)
2024-07-05 08:42:03.574 [main] INFO  com.build.demo.AppApplication - No active profile set, falling back to default profiles: default
2024-07-05 08:42:04.650 [main] INFO  org.springframework.boot.web.embedded.tomcat.TomcatWebServer - Tomcat initialized with port(s): 8080 (http)
2024-07-05 08:42:04.658 [main] INFO  org.apache.coyote.http11.Http11NioProtocol - Initializing ProtocolHandler ["http-nio-8080"]
2024-07-05 08:42:04.659 [main] INFO  org.apache.catalina.core.StandardService - Starting service [Tomcat]
2024-07-05 08:42:04.659 [main] INFO  org.apache.catalina.core.StandardEngine - Starting Servlet engine: [Apache Tomcat/9.0.54]
2024-07-05 08:42:04.732 [main] INFO  org.apache.catalina.core.ContainerBase.[Tomcat].[localhost].[/] - Initializing Spring embedded WebApplicationContext
2024-07-05 08:42:04.733 [main] INFO  org.springframework.boot.web.servlet.context.ServletWebServerApplicationContext - Root WebApplicationContext: initialization completed in 1078 ms
2024-07-05 08:42:05.446 [main] INFO  org.apache.coyote.http11.Http11NioProtocol - Starting ProtocolHandler ["http-nio-8080"]
2024-07-05 08:42:05.465 [main] INFO  org.springframework.boot.web.embedded.tomcat.TomcatWebServer - Tomcat started on port(s): 8080 (http) with context path ''
2024-07-05 08:42:05.479 [main] INFO  com.build.demo.AppApplication - Started AppApplication in 2.557 seconds (JVM running for 3.353)
2024-07-05 08:42:05.483 [main] INFO  com.build.demo.AppApplication - app started..
2024-07-05 08:44:39.864 [http-nio-8080-exec-1] INFO  org.apache.catalina.core.ContainerBase.[Tomcat].[localhost].[/] - Initializing Spring DispatcherServlet 'dispatcherServlet'
2024-07-05 08:44:39.866 [http-nio-8080-exec-1] INFO  org.springframework.web.servlet.DispatcherServlet - Initializing Servlet 'dispatcherServlet'
2024-07-05 08:44:39.870 [http-nio-8080-exec-1] INFO  org.springframework.web.servlet.DispatcherServlet - Completed initialization in 4 ms
2024-07-05 08:46:00.794 [main] INFO  com.build.demo.AppApplication - Starting AppApplication using Java 1.8.0_321 on Mac-mini with PID 64306 (/Users/duyaoguang/Documents/workspace/build-demo/target/classes started by duyaoguang in /Users/duyaoguang/Documents/workspace/build-demo)
2024-07-05 08:46:00.803 [main] INFO  com.build.demo.AppApplication - No active profile set, falling back to default profiles: default
2024-07-05 08:46:01.871 [main] INFO  org.springframework.boot.web.embedded.tomcat.TomcatWebServer - Tomcat initialized with port(s): 8080 (http)
2024-07-05 08:46:01.881 [main] INFO  org.apache.coyote.http11.Http11NioProtocol - Initializing ProtocolHandler ["http-nio-8080"]
2024-07-05 08:46:01.881 [main] INFO  org.apache.catalina.core.StandardService - Starting service [Tomcat]
2024-07-05 08:46:01.881 [main] INFO  org.apache.catalina.core.StandardEngine - Starting Servlet engine: [Apache Tomcat/9.0.54]
2024-07-05 08:46:01.955 [main] INFO  org.apache.catalina.core.ContainerBase.[Tomcat].[localhost].[/] - Initializing Spring embedded WebApplicationContext
2024-07-05 08:46:01.955 [main] INFO  org.springframework.boot.web.servlet.context.ServletWebServerApplicationContext - Root WebApplicationContext: initialization completed in 1079 ms
2024-07-05 08:46:02.650 [main] INFO  org.apache.coyote.http11.Http11NioProtocol - Starting ProtocolHandler ["http-nio-8080"]
2024-07-05 08:46:02.669 [main] INFO  org.springframework.boot.web.embedded.tomcat.TomcatWebServer - Tomcat started on port(s): 8080 (http) with context path ''
2024-07-05 08:46:02.682 [main] INFO  com.build.demo.AppApplication - Started AppApplication in 2.54 seconds (JVM running for 3.34)
2024-07-05 08:46:02.687 [main] INFO  com.build.demo.AppApplication - app started..
2024-07-05 08:46:12.690 [http-nio-8080-exec-1] INFO  org.apache.catalina.core.ContainerBase.[Tomcat].[localhost].[/] - Initializing Spring DispatcherServlet 'dispatcherServlet'
2024-07-05 08:46:12.691 [http-nio-8080-exec-1] INFO  org.springframework.web.servlet.DispatcherServlet - Initializing Servlet 'dispatcherServlet'
2024-07-05 08:46:12.693 [http-nio-8080-exec-1] INFO  org.springframework.web.servlet.DispatcherServlet - Completed initialization in 2 ms
2024-07-05 08:46:16.608 [http-nio-8080-exec-2] ERROR org.apache.catalina.core.ContainerBase.[Tomcat].[localhost].[/].[dispatcherServlet] - Servlet.service() for servlet [dispatcherServlet] in context with path [] threw exception [Request processing failed; nested exception is java.util.concurrent.RejectedExecutionException: Task java.util.concurrent.FutureTask@3b0f4160 rejected from java.util.concurrent.ThreadPoolExecutor@35c8b871[Terminated, pool size = 0, active threads = 0, queued tasks = 0, completed tasks = 2000]] with root cause
java.util.concurrent.RejectedExecutionException: Task java.util.concurrent.FutureTask@3b0f4160 rejected from java.util.concurrent.ThreadPoolExecutor@35c8b871[Terminated, pool size = 0, active threads = 0, queued tasks = 0, completed tasks = 2000]
	at java.util.concurrent.ThreadPoolExecutor$AbortPolicy.rejectedExecution(ThreadPoolExecutor.java:2063) ~[?:1.8.0_321]
	at java.util.concurrent.ThreadPoolExecutor.reject(ThreadPoolExecutor.java:830) ~[?:1.8.0_321]
	at java.util.concurrent.ThreadPoolExecutor.execute(ThreadPoolExecutor.java:1379) ~[?:1.8.0_321]
	at java.util.concurrent.AbstractExecutorService.submit(AbstractExecutorService.java:134) ~[?:1.8.0_321]
	at java.util.concurrent.Executors$DelegatedExecutorService.submit(Executors.java:681) ~[?:1.8.0_321]
	at com.build.demo.utils.TaskExecutor.submitTasks(TaskExecutor.java:17) ~[classes/:?]
	at com.build.demo.controller.TaskController.submitTasks(TaskController.java:23) ~[classes/:?]
	at sun.reflect.NativeMethodAccessorImpl.invoke0(Native Method) ~[?:1.8.0_321]
	at sun.reflect.NativeMethodAccessorImpl.invoke(NativeMethodAccessorImpl.java:62) ~[?:1.8.0_321]
	at sun.reflect.DelegatingMethodAccessorImpl.invoke(DelegatingMethodAccessorImpl.java:43) ~[?:1.8.0_321]
	at java.lang.reflect.Method.invoke(Method.java:498) ~[?:1.8.0_321]
	at org.springframework.web.method.support.InvocableHandlerMethod.doInvoke(InvocableHandlerMethod.java:205) ~[spring-web-5.3.12.jar:5.3.12]
	at org.springframework.web.method.support.InvocableHandlerMethod.invokeForRequest(InvocableHandlerMethod.java:150) ~[spring-web-5.3.12.jar:5.3.12]
	at org.springframework.web.servlet.mvc.method.annotation.ServletInvocableHandlerMethod.invokeAndHandle(ServletInvocableHandlerMethod.java:117) ~[spring-webmvc-5.3.12.jar:5.3.12]
	at org.springframework.web.servlet.mvc.method.annotation.RequestMappingHandlerAdapter.invokeHandlerMethod(RequestMappingHandlerAdapter.java:895) ~[spring-webmvc-5.3.12.jar:5.3.12]
	at org.springframework.web.servlet.mvc.method.annotation.RequestMappingHandlerAdapter.handleInternal(RequestMappingHandlerAdapter.java:808) ~[spring-webmvc-5.3.12.jar:5.3.12]
	at org.springframework.web.servlet.mvc.method.AbstractHandlerMethodAdapter.handle(AbstractHandlerMethodAdapter.java:87) ~[spring-webmvc-5.3.12.jar:5.3.12]
	at org.springframework.web.servlet.DispatcherServlet.doDispatch(DispatcherServlet.java:1067) ~[spring-webmvc-5.3.12.jar:5.3.12]
	at org.springframework.web.servlet.DispatcherServlet.doService(DispatcherServlet.java:963) ~[spring-webmvc-5.3.12.jar:5.3.12]
	at org.springframework.web.servlet.FrameworkServlet.processRequest(FrameworkServlet.java:1006) ~[spring-webmvc-5.3.12.jar:5.3.12]
	at org.springframework.web.servlet.FrameworkServlet.doGet(FrameworkServlet.java:898) ~[spring-webmvc-5.3.12.jar:5.3.12]
	at javax.servlet.http.HttpServlet.service(HttpServlet.java:655) ~[tomcat-embed-core-9.0.54.jar:4.0.FR]
	at org.springframework.web.servlet.FrameworkServlet.service(FrameworkServlet.java:883) ~[spring-webmvc-5.3.12.jar:5.3.12]
	at javax.servlet.http.HttpServlet.service(HttpServlet.java:764) ~[tomcat-embed-core-9.0.54.jar:4.0.FR]
	at org.apache.catalina.core.ApplicationFilterChain.internalDoFilter(ApplicationFilterChain.java:227) ~[tomcat-embed-core-9.0.54.jar:9.0.54]
	at org.apache.catalina.core.ApplicationFilterChain.doFilter(ApplicationFilterChain.java:162) ~[tomcat-embed-core-9.0.54.jar:9.0.54]
	at org.apache.tomcat.websocket.server.WsFilter.doFilter(WsFilter.java:53) ~[tomcat-embed-websocket-9.0.54.jar:9.0.54]
	at org.apache.catalina.core.ApplicationFilterChain.internalDoFilter(ApplicationFilterChain.java:189) ~[tomcat-embed-core-9.0.54.jar:9.0.54]
	at org.apache.catalina.core.ApplicationFilterChain.doFilter(ApplicationFilterChain.java:162) ~[tomcat-embed-core-9.0.54.jar:9.0.54]
	at org.springframework.web.filter.RequestContextFilter.doFilterInternal(RequestContextFilter.java:100) ~[spring-web-5.3.12.jar:5.3.12]
	at org.springframework.web.filter.OncePerRequestFilter.doFilter(OncePerRequestFilter.java:119) ~[spring-web-5.3.12.jar:5.3.12]
	at org.apache.catalina.core.ApplicationFilterChain.internalDoFilter(ApplicationFilterChain.java:189) ~[tomcat-embed-core-9.0.54.jar:9.0.54]
	at org.apache.catalina.core.ApplicationFilterChain.doFilter(ApplicationFilterChain.java:162) ~[tomcat-embed-core-9.0.54.jar:9.0.54]
	at org.springframework.web.filter.FormContentFilter.doFilterInternal(FormContentFilter.java:93) ~[spring-web-5.3.12.jar:5.3.12]
	at org.springframework.web.filter.OncePerRequestFilter.doFilter(OncePerRequestFilter.java:119) ~[spring-web-5.3.12.jar:5.3.12]
	at org.apache.catalina.core.ApplicationFilterChain.internalDoFilter(ApplicationFilterChain.java:189) ~[tomcat-embed-core-9.0.54.jar:9.0.54]
	at org.apache.catalina.core.ApplicationFilterChain.doFilter(ApplicationFilterChain.java:162) ~[tomcat-embed-core-9.0.54.jar:9.0.54]
	at org.springframework.web.filter.CharacterEncodingFilter.doFilterInternal(CharacterEncodingFilter.java:201) ~[spring-web-5.3.12.jar:5.3.12]
	at org.springframework.web.filter.OncePerRequestFilter.doFilter(OncePerRequestFilter.java:119) ~[spring-web-5.3.12.jar:5.3.12]
	at org.apache.catalina.core.ApplicationFilterChain.internalDoFilter(ApplicationFilterChain.java:189) ~[tomcat-embed-core-9.0.54.jar:9.0.54]
	at org.apache.catalina.core.ApplicationFilterChain.doFilter(ApplicationFilterChain.java:162) ~[tomcat-embed-core-9.0.54.jar:9.0.54]
	at org.apache.catalina.core.StandardWrapperValve.invoke(StandardWrapperValve.java:197) [tomcat-embed-core-9.0.54.jar:9.0.54]
	at org.apache.catalina.core.StandardContextValve.invoke(StandardContextValve.java:97) [tomcat-embed-core-9.0.54.jar:9.0.54]
	at org.apache.catalina.authenticator.AuthenticatorBase.invoke(AuthenticatorBase.java:540) [tomcat-embed-core-9.0.54.jar:9.0.54]
	at org.apache.catalina.core.StandardHostValve.invoke(StandardHostValve.java:135) [tomcat-embed-core-9.0.54.jar:9.0.54]
	at org.apache.catalina.valves.ErrorReportValve.invoke(ErrorReportValve.java:92) [tomcat-embed-core-9.0.54.jar:9.0.54]
	at org.apache.catalina.core.StandardEngineValve.invoke(StandardEngineValve.java:78) [tomcat-embed-core-9.0.54.jar:9.0.54]
	at org.apache.catalina.connector.CoyoteAdapter.service(CoyoteAdapter.java:357) [tomcat-embed-core-9.0.54.jar:9.0.54]
	at org.apache.coyote.http11.Http11Processor.service(Http11Processor.java:382) [tomcat-embed-core-9.0.54.jar:9.0.54]
	at org.apache.coyote.AbstractProcessorLight.process(AbstractProcessorLight.java:65) [tomcat-embed-core-9.0.54.jar:9.0.54]
	at org.apache.coyote.AbstractProtocol$ConnectionHandler.process(AbstractProtocol.java:895) [tomcat-embed-core-9.0.54.jar:9.0.54]
	at org.apache.tomcat.util.net.NioEndpoint$SocketProcessor.doRun(NioEndpoint.java:1722) [tomcat-embed-core-9.0.54.jar:9.0.54]
	at org.apache.tomcat.util.net.SocketProcessorBase.run(SocketProcessorBase.java:49) [tomcat-embed-core-9.0.54.jar:9.0.54]
	at org.apache.tomcat.util.threads.ThreadPoolExecutor.runWorker(ThreadPoolExecutor.java:1191) [tomcat-embed-core-9.0.54.jar:9.0.54]
	at org.apache.tomcat.util.threads.ThreadPoolExecutor$Worker.run(ThreadPoolExecutor.java:659) [tomcat-embed-core-9.0.54.jar:9.0.54]
	at org.apache.tomcat.util.threads.TaskThread$WrappingRunnable.run(TaskThread.java:61) [tomcat-embed-core-9.0.54.jar:9.0.54]
	at java.lang.Thread.run(Thread.java:750) [?:1.8.0_321]
2024-07-05 08:47:47.046 [main] INFO  com.build.demo.AppApplication - Starting AppApplication using Java 1.8.0_321 on Mac-mini with PID 64509 (/Users/duyaoguang/Documents/workspace/build-demo/target/classes started by duyaoguang in /Users/duyaoguang/Documents/workspace/build-demo)
2024-07-05 08:47:47.055 [main] INFO  com.build.demo.AppApplication - No active profile set, falling back to default profiles: default
2024-07-05 08:47:48.111 [main] INFO  org.springframework.boot.web.embedded.tomcat.TomcatWebServer - Tomcat initialized with port(s): 8080 (http)
2024-07-05 08:47:48.121 [main] INFO  org.apache.coyote.http11.Http11NioProtocol - Initializing ProtocolHandler ["http-nio-8080"]
2024-07-05 08:47:48.121 [main] INFO  org.apache.catalina.core.StandardService - Starting service [Tomcat]
2024-07-05 08:47:48.122 [main] INFO  org.apache.catalina.core.StandardEngine - Starting Servlet engine: [Apache Tomcat/9.0.54]
2024-07-05 08:47:48.202 [main] INFO  org.apache.catalina.core.ContainerBase.[Tomcat].[localhost].[/] - Initializing Spring embedded WebApplicationContext
2024-07-05 08:47:48.202 [main] INFO  org.springframework.boot.web.servlet.context.ServletWebServerApplicationContext - Root WebApplicationContext: initialization completed in 1067 ms
2024-07-05 08:47:48.883 [main] INFO  org.apache.coyote.http11.Http11NioProtocol - Starting ProtocolHandler ["http-nio-8080"]
2024-07-05 08:47:48.901 [main] INFO  org.springframework.boot.web.embedded.tomcat.TomcatWebServer - Tomcat started on port(s): 8080 (http) with context path ''
2024-07-05 08:47:48.912 [main] INFO  com.build.demo.AppApplication - Started AppApplication in 2.546 seconds (JVM running for 3.337)
2024-07-05 08:47:48.916 [main] INFO  com.build.demo.AppApplication - app started..
2024-07-05 08:47:53.280 [http-nio-8080-exec-1] INFO  org.apache.catalina.core.ContainerBase.[Tomcat].[localhost].[/] - Initializing Spring DispatcherServlet 'dispatcherServlet'
2024-07-05 08:47:53.281 [http-nio-8080-exec-1] INFO  org.springframework.web.servlet.DispatcherServlet - Initializing Servlet 'dispatcherServlet'
2024-07-05 08:47:53.286 [http-nio-8080-exec-1] INFO  org.springframework.web.servlet.DispatcherServlet - Completed initialization in 4 ms
